# JRE version: OpenJDK Runtime Environment Temurin-21.0.9+10 (21.0.9+10) (build 21.0.9+10-LTS)
# Java VM: OpenJDK 64-Bit Server VM Temurin-21.0.9+10 (21.0.9+10-LTS, mixed mode, sharing, tiered, compressed oops, compressed class ptrs, parallel gc, windows-amd64)
GC Precious Log:
 CardTable entry size: 512
 CPUs: 12 total, 12 available
 Memory: 7549M
 Large Page Support: Disabled
 NUMA Support: Disabled
 Compressed Oops: Enabled (32-bit)
 Alignments: Space 512K, Generation 512K, Heap 2M
 Heap Min Capacity: 100M
 Heap Initial Capacity: 100M
 Heap Max Capacity: 2G
 Pre-touch: Disabled
 Parallel Workers: 10
Heap:
 PSYoungGen      total 8192K, used 3853K [0x00000000d5580000, 0x00000000d6000000, 0x0000000100000000)
  eden space 4608K, 75% used [0x00000000d5580000,0x00000000d58e4c40,0x00000000d5a00000)
  from space 3584K, 10% used [0x00000000d5b00000,0x00000000d5b5e900,0x00000000d5e80000)
  to   space 1536K, 0% used [0x00000000d5e80000,0x00000000d5e80000,0x00000000d6000000)
 ParOldGen       total 1323008K, used 1322562K [0x0000000080000000, 0x00000000d0c00000, 0x00000000d5580000)
  object space 1323008K, 99% used [0x0000000080000000,0x00000000d0b909c0,0x00000000d0c00000)
 Metaspace       used 94706K, committed 96448K, reserved 1179648K
  class space    used 9746K, committed 10496K, reserved 1048576K
GC Heap History (20 events):
Event: 45584.730 GC heap before
{Heap before GC invocations=1896 (full 6):
 PSYoungGen      total 6656K, used 6296K [0x00000000d5580000, 0x00000000d6080000, 0x0000000100000000)
  eden space 3072K, 99% used [0x00000000d5580000,0x00000000d587e288,0x00000000d5880000)
  from space 3584K, 90% used [0x00000000d5880000,0x00000000d5ba8000,0x00000000d5c00000)
  to   space 3584K, 0% used [0x00000000d5d00000,0x00000000d5d00000,0x00000000d6080000)
 ParOldGen       total 1270784K, used 1270605K [0x0000000080000000, 0x00000000cd900000, 0x00000000d5580000)
  object space 1270784K, 99% used [0x0000000080000000,0x00000000cd8d3530,0x00000000cd900000)
 Metaspace       used 94654K, committed 96384K, reserved 1179648K
  class space    used 9744K, committed 10496K, reserved 1048576K
}
Event: 45584.738 GC heap after
{Heap after GC invocations=1896 (full 6):
 PSYoungGen      total 6656K, used 2240K [0x00000000d5580000, 0x00000000d5f80000, 0x0000000100000000)
  eden space 4096K, 0% used [0x00000000d5580000,0x00000000d5580000,0x00000000d5980000)
  from space 2560K, 87% used [0x00000000d5d00000,0x00000000d5f30000,0x00000000d5f80000)
  to   space 3072K, 0% used [0x00000000d5980000,0x00000000d5980000,0x00000000d5c80000)
 ParOldGen       total 1273856K, used 1273645K [0x0000000080000000, 0x00000000cdc00000, 0x00000000d5580000)
  object space 1273856K, 99% used [0x0000000080000000,0x00000000cdbcb530,0x00000000cdc00000)
 Metaspace       used 94654K, committed 96384K, reserved 1179648K
  class space    used 9744K, committed 10496K, reserved 1048576K
}
Event: 45585.096 GC heap before
{Heap before GC invocations=1897 (full 6):
 PSYoungGen      total 6656K, used 6336K [0x00000000d5580000, 0x00000000d5f80000, 0x0000000100000000)
  eden space 4096K, 100% used [0x00000000d5580000,0x00000000d5980000,0x00000000d5980000)
  from space 2560K, 87% used [0x00000000d5d00000,0x00000000d5f30000,0x00000000d5f80000)
  to   space 3072K, 0% used [0x00000000d5980000,0x00000000d5980000,0x00000000d5c80000)
 ParOldGen       total 1305600K, used 1304365K [0x0000000080000000, 0x00000000cfb00000, 0x00000000d5580000)
  object space 1305600K, 99% used [0x0000000080000000,0x00000000cf9cb560,0x00000000cfb00000)
 Metaspace       used 94659K, committed 96384K, reserved 1179648K
  class space    used 9744K, committed 10496K, reserved 1048576K
}
Event: 45585.106 GC heap after
{Heap after GC invocations=1897 (full 6):
 PSYoungGen      total 4608K, used 512K [0x00000000d5580000, 0x00000000d5d80000, 0x0000000100000000)
  eden space 4096K, 0% used [0x00000000d5580000,0x00000000d5580000,0x00000000d5980000)
  from space 512K, 100% used [0x00000000d5980000,0x00000000d5a00000,0x00000000d5a00000)
  to   space 1536K, 0% used [0x00000000d5c00000,0x00000000d5c00000,0x00000000d5d80000)
 ParOldGen       total 1306624K, used 1306493K [0x0000000080000000, 0x00000000cfc00000, 0x00000000d5580000)
  object space 1306624K, 99% used [0x0000000080000000,0x00000000cfbdf560,0x00000000cfc00000)
 Metaspace       used 94659K, committed 96384K, reserved 1179648K
  class space    used 9744K, committed 10496K, reserved 1048576K
}
Event: 45591.082 GC heap before
{Heap before GC invocations=1898 (full 6):
 PSYoungGen      total 4608K, used 4608K [0x00000000d5580000, 0x00000000d5d80000, 0x0000000100000000)
  eden space 4096K, 100% used [0x00000000d5580000,0x00000000d5980000,0x00000000d5980000)
  from space 512K, 100% used [0x00000000d5980000,0x00000000d5a00000,0x00000000d5a00000)
  to   space 1536K, 0% used [0x00000000d5c00000,0x00000000d5c00000,0x00000000d5d80000)
 ParOldGen       total 1306624K, used 1306493K [0x0000000080000000, 0x00000000cfc00000, 0x00000000d5580000)
  object space 1306624K, 99% used [0x0000000080000000,0x00000000cfbdf560,0x00000000cfc00000)
 Metaspace       used 94668K, committed 96384K, reserved 1179648K
  class space    used 9745K, committed 10496K, reserved 1048576K
}
Event: 45591.086 GC heap after
{Heap after GC invocations=1898 (full 6):
 PSYoungGen      total 4608K, used 436K [0x00000000d5580000, 0x00000000d5c80000, 0x0000000100000000)
  eden space 4096K, 0% used [0x00000000d5580000,0x00000000d5580000,0x00000000d5980000)
  from space 512K, 85% used [0x00000000d5c00000,0x00000000d5c6d200,0x00000000d5c80000)
  to   space 1024K, 0% used [0x00000000d5a80000,0x00000000d5a80000,0x00000000d5b80000)
 ParOldGen       total 1306624K, used 1306597K [0x0000000080000000, 0x00000000cfc00000, 0x00000000d5580000)
  object space 1306624K, 99% used [0x0000000080000000,0x00000000cfbf9560,0x00000000cfc00000)
 Metaspace       used 94668K, committed 96384K, reserved 1179648K
  class space    used 9745K, committed 10496K, reserved 1048576K
}
Event: 45591.098 GC heap before
{Heap before GC invocations=1899 (full 6):
 PSYoungGen      total 4608K, used 4532K [0x00000000d5580000, 0x00000000d5c80000, 0x0000000100000000)
  eden space 4096K, 99% used [0x00000000d5580000,0x00000000d597ffc8,0x00000000d5980000)
  from space 512K, 85% used [0x00000000d5c00000,0x00000000d5c6d200,0x00000000d5c80000)
  to   space 1024K, 0% used [0x00000000d5a80000,0x00000000d5a80000,0x00000000d5b80000)
 ParOldGen       total 1306624K, used 1306597K [0x0000000080000000, 0x00000000cfc00000, 0x00000000d5580000)
  object space 1306624K, 99% used [0x0000000080000000,0x00000000cfbf9560,0x00000000cfc00000)
 Metaspace       used 94669K, committed 96384K, reserved 1179648K
  class space    used 9745K, committed 10496K, reserved 1048576K
}
Event: 45591.103 GC heap after
{Heap after GC invocations=1899 (full 6):
 PSYoungGen      total 6144K, used 1024K [0x00000000d5580000, 0x00000000d6380000, 0x0000000100000000)
  eden space 5120K, 0% used [0x00000000d5580000,0x00000000d5580000,0x00000000d5a80000)
  from space 1024K, 100% used [0x00000000d5a80000,0x00000000d5b80000,0x00000000d5b80000)
  to   space 4608K, 0% used [0x00000000d5f00000,0x00000000d5f00000,0x00000000d6380000)
 ParOldGen       total 1309184K, used 1309183K [0x0000000080000000, 0x00000000cfe80000, 0x00000000d5580000)
  object space 1309184K, 99% used [0x0000000080000000,0x00000000cfe7fda0,0x00000000cfe80000)
 Metaspace       used 94669K, committed 96384K, reserved 1179648K
  class space    used 9745K, committed 10496K, reserved 1048576K
}
Event: 45591.131 GC heap before
{Heap before GC invocations=1900 (full 6):
 PSYoungGen      total 6144K, used 6143K [0x00000000d5580000, 0x00000000d6380000, 0x0000000100000000)
  eden space 5120K, 99% used [0x00000000d5580000,0x00000000d5a7ffe8,0x00000000d5a80000)
  from space 1024K, 100% used [0x00000000d5a80000,0x00000000d5b80000,0x00000000d5b80000)
  to   space 4608K, 0% used [0x00000000d5f00000,0x00000000d5f00000,0x00000000d6380000)
 ParOldGen       total 1309184K, used 1309183K [0x0000000080000000, 0x00000000cfe80000, 0x00000000d5580000)
  object space 1309184K, 99% used [0x0000000080000000,0x00000000cfe7fda0,0x00000000cfe80000)
 Metaspace       used 94669K, committed 96384K, reserved 1179648K
  class space    used 9745K, committed 10496K, reserved 1048576K
}
Event: 45591.137 GC heap after
{Heap after GC invocations=1900 (full 6):
 PSYoungGen      total 8192K, used 4595K [0x00000000d5580000, 0x00000000d6680000, 0x0000000100000000)
  eden space 3584K, 0% used [0x00000000d5580000,0x00000000d5580000,0x00000000d5900000)
  from space 4608K, 99% used [0x00000000d5f00000,0x00000000d637cf20,0x00000000d6380000)
  to   space 6144K, 0% used [0x00000000d5900000,0x00000000d5900000,0x00000000d5f00000)
 ParOldGen       total 1310208K, used 1310206K [0x0000000080000000, 0x00000000cff80000, 0x00000000d5580000)
  object space 1310208K, 99% used [0x0000000080000000,0x00000000cff7f8f0,0x00000000cff80000)
 Metaspace       used 94669K, committed 96384K, reserved 1179648K
  class space    used 9745K, committed 10496K, reserved 1048576K
}
Event: 45591.152 GC heap before
{Heap before GC invocations=1901 (full 6):
 PSYoungGen      total 8192K, used 8154K [0x00000000d5580000, 0x00000000d6680000, 0x0000000100000000)
  eden space 3584K, 99% used [0x00000000d5580000,0x00000000d58f9c78,0x00000000d5900000)
  from space 4608K, 99% used [0x00000000d5f00000,0x00000000d637cf20,0x00000000d6380000)
  to   space 6144K, 0% used [0x00000000d5900000,0x00000000d5900000,0x00000000d5f00000)
 ParOldGen       total 1310208K, used 1310206K [0x0000000080000000, 0x00000000cff80000, 0x00000000d5580000)
  object space 1310208K, 99% used [0x0000000080000000,0x00000000cff7f8f0,0x00000000cff80000)
 Metaspace       used 94669K, committed 96384K, reserved 1179648K
  class space    used 9745K, committed 10496K, reserved 1048576K
}
Event: 45591.159 GC heap after
{Heap after GC invocations=1901 (full 6):
 PSYoungGen      total 6656K, used 2880K [0x00000000d5580000, 0x00000000d6200000, 0x0000000100000000)
  eden space 3584K, 0% used [0x00000000d5580000,0x00000000d5580000,0x00000000d5900000)
  from space 3072K, 93% used [0x00000000d5900000,0x00000000d5bd0000,0x00000000d5c00000)
  to   space 4096K, 0% used [0x00000000d5e00000,0x00000000d5e00000,0x00000000d6200000)
 ParOldGen       total 1314816K, used 1314620K [0x0000000080000000, 0x00000000d0400000, 0x00000000d5580000)
  object space 1314816K, 99% used [0x0000000080000000,0x00000000d03cf1c8,0x00000000d0400000)
 Metaspace       used 94669K, committed 96384K, reserved 1179648K
  class space    used 9745K, committed 10496K, reserved 1048576K
}
Event: 45591.185 GC heap before
{Heap before GC invocations=1902 (full 6):
 PSYoungGen      total 6656K, used 6437K [0x00000000d5580000, 0x00000000d6200000, 0x0000000100000000)
  eden space 3584K, 99% used [0x00000000d5580000,0x00000000d58f97b8,0x00000000d5900000)
  from space 3072K, 93% used [0x00000000d5900000,0x00000000d5bd0000,0x00000000d5c00000)
  to   space 4096K, 0% used [0x00000000d5e00000,0x00000000d5e00000,0x00000000d6200000)
 ParOldGen       total 1314816K, used 1314620K [0x0000000080000000, 0x00000000d0400000, 0x00000000d5580000)
  object space 1314816K, 99% used [0x0000000080000000,0x00000000d03cf1c8,0x00000000d0400000)
 Metaspace       used 94669K, committed 96384K, reserved 1179648K
  class space    used 9745K, committed 10496K, reserved 1048576K
}
Event: 45591.190 GC heap after
{Heap after GC invocations=1902 (full 6):
 PSYoungGen      total 6656K, used 1866K [0x00000000d5580000, 0x00000000d6000000, 0x0000000100000000)
  eden space 4608K, 0% used [0x00000000d5580000,0x00000000d5580000,0x00000000d5a00000)
  from space 2048K, 91% used [0x00000000d5e00000,0x00000000d5fd2870,0x00000000d6000000)
  to   space 2560K, 0% used [0x00000000d5b00000,0x00000000d5b00000,0x00000000d5d80000)
 ParOldGen       total 1317888K, used 1317380K [0x0000000080000000, 0x00000000d0700000, 0x00000000d5580000)
  object space 1317888K, 99% used [0x0000000080000000,0x00000000d06811c8,0x00000000d0700000)
 Metaspace       used 94669K, committed 96384K, reserved 1179648K
  class space    used 9745K, committed 10496K, reserved 1048576K
}
Event: 45591.450 GC heap before
{Heap before GC invocations=1903 (full 6):
 PSYoungGen      total 6656K, used 6469K [0x00000000d5580000, 0x00000000d6000000, 0x0000000100000000)
  eden space 4608K, 99% used [0x00000000d5580000,0x00000000d59fef60,0x00000000d5a00000)
  from space 2048K, 91% used [0x00000000d5e00000,0x00000000d5fd2870,0x00000000d6000000)
  to   space 2560K, 0% used [0x00000000d5b00000,0x00000000d5b00000,0x00000000d5d80000)
 ParOldGen       total 1317888K, used 1317380K [0x0000000080000000, 0x00000000d0700000, 0x00000000d5580000)
  object space 1317888K, 99% used [0x0000000080000000,0x00000000d06811c8,0x00000000d0700000)
 Metaspace       used 94679K, committed 96448K, reserved 1179648K
  class space    used 9745K, committed 10496K, reserved 1048576K
}
Event: 45591.455 GC heap after
{Heap after GC invocations=1903 (full 6):
 PSYoungGen      total 7168K, used 2552K [0x00000000d5580000, 0x00000000d6500000, 0x0000000100000000)
  eden space 4608K, 0% used [0x00000000d5580000,0x00000000d5580000,0x00000000d5a00000)
  from space 2560K, 99% used [0x00000000d5b00000,0x00000000d5d7e258,0x00000000d5d80000)
  to   space 5632K, 0% used [0x00000000d5f80000,0x00000000d5f80000,0x00000000d6500000)
 ParOldGen       total 1319936K, used 1319882K [0x0000000080000000, 0x00000000d0900000, 0x00000000d5580000)
  object space 1319936K, 99% used [0x0000000080000000,0x00000000d08f2ad0,0x00000000d0900000)
 Metaspace       used 94679K, committed 96448K, reserved 1179648K
  class space    used 9745K, committed 10496K, reserved 1048576K
}
Event: 45591.491 GC heap before
{Heap before GC invocations=1904 (full 6):
 PSYoungGen      total 7168K, used 7160K [0x00000000d5580000, 0x00000000d6500000, 0x0000000100000000)
  eden space 4608K, 100% used [0x00000000d5580000,0x00000000d5a00000,0x00000000d5a00000)
  from space 2560K, 99% used [0x00000000d5b00000,0x00000000d5d7e258,0x00000000d5d80000)
  to   space 5632K, 0% used [0x00000000d5f80000,0x00000000d5f80000,0x00000000d6500000)
 ParOldGen       total 1319936K, used 1319882K [0x0000000080000000, 0x00000000d0900000, 0x00000000d5580000)
  object space 1319936K, 99% used [0x0000000080000000,0x00000000d08f2ad0,0x00000000d0900000)
 Metaspace       used 94681K, committed 96448K, reserved 1179648K
  class space    used 9745K, committed 10496K, reserved 1048576K
}
Event: 45591.498 GC heap after
{Heap after GC invocations=1904 (full 6):
 PSYoungGen      total 7168K, used 2219K [0x00000000d5580000, 0x00000000d6200000, 0x0000000100000000)
  eden space 4608K, 0% used [0x00000000d5580000,0x00000000d5580000,0x00000000d5a00000)
  from space 2560K, 86% used [0x00000000d5f80000,0x00000000d61aac28,0x00000000d6200000)
  to   space 3584K, 0% used [0x00000000d5b00000,0x00000000d5b00000,0x00000000d5e80000)
 ParOldGen       total 1322496K, used 1322370K [0x0000000080000000, 0x00000000d0b80000, 0x00000000d5580000)
  object space 1322496K, 99% used [0x0000000080000000,0x00000000d0b609c0,0x00000000d0b80000)
 Metaspace       used 94681K, committed 96448K, reserved 1179648K
  class space    used 9745K, committed 10496K, reserved 1048576K
}
Event: 45591.767 GC heap before
{Heap before GC invocations=1905 (full 6):
 PSYoungGen      total 7168K, used 6827K [0x00000000d5580000, 0x00000000d6200000, 0x0000000100000000)
  eden space 4608K, 100% used [0x00000000d5580000,0x00000000d5a00000,0x00000000d5a00000)
  from space 2560K, 86% used [0x00000000d5f80000,0x00000000d61aac28,0x00000000d6200000)
  to   space 3584K, 0% used [0x00000000d5b00000,0x00000000d5b00000,0x00000000d5e80000)
 ParOldGen       total 1322496K, used 1322370K [0x0000000080000000, 0x00000000d0b80000, 0x00000000d5580000)
  object space 1322496K, 99% used [0x0000000080000000,0x00000000d0b609c0,0x00000000d0b80000)
 Metaspace       used 94697K, committed 96448K, reserved 1179648K
  class space    used 9746K, committed 10496K, reserved 1048576K
}
Event: 45591.770 GC heap after
{Heap after GC invocations=1905 (full 6):
 PSYoungGen      total 8192K, used 378K [0x00000000d5580000, 0x00000000d6000000, 0x0000000100000000)
  eden space 4608K, 0% used [0x00000000d5580000,0x00000000d5580000,0x00000000d5a00000)
  from space 3584K, 10% used [0x00000000d5b00000,0x00000000d5b5e900,0x00000000d5e80000)
  to   space 1536K, 0% used [0x00000000d5e80000,0x00000000d5e80000,0x00000000d6000000)
 ParOldGen       total 1323008K, used 1322562K [0x0000000080000000, 0x00000000d0c00000, 0x00000000d5580000)
  object space 1323008K, 99% used [0x0000000080000000,0x00000000d0b909c0,0x00000000d0c00000)
 Metaspace       used 94697K, committed 96448K, reserved 1179648K
  class space    used 9746K, committed 10496K, reserved 1048576K
}

